<?xml version="1.0" encoding="UTF-8"?>
<!-- Generated by org.testng.reporters.JUnitReportReporter -->
<testsuite hostname="WalidHasan" failures="0" tests="9" name="appSettings" time="75.615" errors="0" timestamp="2025-08-18T18:36:34 BDT" skipped="0">
  <testcase classname="appSettings" name="testInvalidLoginCredentials" time="6.627"/>
  <testcase classname="appSettings" name="testNavigateToLoginPage" time="4.779"/>
  <testcase classname="appSettings" name="testValidLogin" time="6.357"/>
  <testcase classname="appSettings" name="testOpenNavigationMenu" time="4.756"/>
  <testcase classname="appSettings" name="testNavigateToSettings" time="2.479"/>
  <testcase classname="appSettings" name="testOpenAppSettings" time="18.382"/>
  <testcase classname="appSettings" name="testMonthlyTargetDataValidation" time="6.471"/>
  <testcase classname="appSettings" name="testSaveChangesVerification" time="19.876"/>
  <testcase classname="appSettings" name="testSessionTimeoutHandling" time="5.888"/>
</testsuite> <!-- appSettings -->
