<?xml version="1.0" encoding="UTF-8"?>
<!-- Generated by org.testng.reporters.JUnitReportReporter -->
<testsuite hostname="WalidHasan" failures="0" tests="6" name="brandNutrationCancellation" time="48.298" errors="0" timestamp="2025-08-28T15:34:11 BDT" skipped="0">
  <testcase classname="brandNutrationCancellation" name="testNavigateToLoginPage" time="5.569"/>
  <testcase classname="brandNutrationCancellation" name="testValidLogin" time="4.822"/>
  <testcase classname="brandNutrationCancellation" name="testOpenNavigationMenu" time="4.404"/>
  <testcase classname="brandNutrationCancellation" name="testNavigateToSettings" time="2.333"/>
  <testcase classname="brandNutrationCancellation" name="testOpenCancellation" time="10.952"/>
  <testcase classname="brandNutrationCancellation" name="testSearchAndDisableReason" time="20.218"/>
</testsuite> <!-- brandNutrationCancellation -->
