<?xml version="1.0" encoding="UTF-8"?>
<!-- Generated by org.testng.reporters.JUnitReportReporter -->
<testsuite hostname="WalidHasan" failures="0" tests="7" name="lyxa" time="24.172" errors="0" timestamp="2025-08-25T16:53:09 BDT" skipped="0">
  <testcase classname="lyxa" name="testNavigateToLoginPage" time="3.549"/>
  <testcase classname="lyxa" name="testValidLogin" time="3.233"/>
  <testcase classname="lyxa" name="testOpenNavigationMenu" time="0.343"/>
  <testcase classname="lyxa" name="testNavigateToSettings" time="2.287"/>
  <testcase classname="lyxa" name="testOpenDefaultChatMessages" time="2.362"/>
  <testcase classname="lyxa" name="testAddNewChatMessage" time="5.991"/>
  <testcase classname="lyxa" name="testSearchAndDeleteDefaultChatMessage" time="6.407"/>
</testsuite> <!-- lyxa -->
