<?xml version="1.0" encoding="UTF-8"?>
<!-- Generated by org.testng.reporters.JUnitReportReporter -->
<testsuite hostname="WalidHasan" failures="0" tests="6" name="brandNutrationCancellation" time="38.215" errors="0" timestamp="2025-08-26T19:19:06 BDT" skipped="0">
  <testcase classname="brandNutrationCancellation" name="testNavigateToLoginPage" time="5.222"/>
  <testcase classname="brandNutrationCancellation" name="testValidLogin" time="5.045"/>
  <testcase classname="brandNutrationCancellation" name="testOpenNavigationMenu" time="4.427"/>
  <testcase classname="brandNutrationCancellation" name="testNavigateToSettings" time="2.322"/>
  <testcase classname="brandNutrationCancellation" name="testOpenAppSettings" time="11.061"/>
  <testcase classname="brandNutrationCancellation" name="testSearchAndDeleteBrand" time="10.138"/>
</testsuite> <!-- brandNutrationCancellation -->
